<?xml version="1.0" encoding="UTF-8"?>
<testng-results ignored="0" total="1" passed="1" failed="0" skipped="0">
  <reporter-output>
    <line>
      <![CDATA[View session at: https://portal.kobiton.com/sessions/2767070]]>
    </line>
  </reporter-output>
  <suite started-at="2021-06-18T12:17:43 EDT" name="Kobiton Test Suite" finished-at="2021-06-18T12:19:02 EDT" duration-ms="78443">
    <groups>
    </groups>
    <test started-at="2021-06-18T12:17:43 EDT" name="TestApp" finished-at="2021-06-18T12:19:02 EDT" duration-ms="78443">
      <class name="com.kobiton.scriptlessautomation.TestSuite">
        <test-method signature="testOnGalaxyA905GAndroid111()[pri:0, instance:com.kobiton.scriptlessautomation.TestSuite@2d9d4f9d]" started-at="2021-06-18T12:17:43 EDT" name="testOnGalaxyA905GAndroid111" finished-at="2021-06-18T12:19:02 EDT" duration-ms="78417" status="PASS">
          <reporter-output>
            <line>
              <![CDATA[View session at: https://portal.kobiton.com/sessions/2767070]]>
            </line>
          </reporter-output>
        </test-method> <!-- testOnGalaxyA905GAndroid111 -->
      </class> <!-- com.kobiton.scriptlessautomation.TestSuite -->
    </test> <!-- TestApp -->
  </suite> <!-- Kobiton Test Suite -->
</testng-results>
